app/build/intermediates/manifest_merge_blame_file/debug/processDebugMainManifest/manifest-merger-blame-debug-report.txt
1<?xml version="1.0" encoding="utf-8"?>
2<manifest xmlns:android="http://schemas.android.com/apk/res/android"
3    package="com.isyaratpintar.app"
4    android:versionCode="1"
5    android:versionName="1.0" >
6
7    <uses-sdk
8        android:minSdkVersion="26"
9        android:targetSdkVersion="34" />
10
11    <uses-permission android:name="android.permission.RECORD_AUDIO" />
11-->src\main\AndroidManifest.xml:5:5-71
11-->src\main\AndroidManifest.xml:5:22-68
12    <uses-permission android:name="android.permission.INTERNET" />
12-->src\main\AndroidManifest.xml:6:5-67
12-->src\main\AndroidManifest.xml:6:22-64
13    <uses-permission android:name="android.permission.REQUEST_INSTALL_PACKAGES" />
13-->src\main\AndroidManifest.xml:7:5-83
13-->src\main\AndroidManifest.xml:7:22-80
14
15    <!-- AR Core requirements -->
16    <uses-feature
16-->src\main\AndroidManifest.xml:11:5-13:36
17        android:name="android.hardware.camera.ar"
17-->src\main\AndroidManifest.xml:12:9-50
18        android:required="false" />
18-->src\main\AndroidManifest.xml:13:9-33
19
20    <queries>
20-->src\main\AndroidManifest.xml:15:5-18:15
21        <package android:name="com.sibiku.ar" />
21-->src\main\AndroidManifest.xml:16:9-49
21-->src\main\AndroidManifest.xml:16:18-46
22        <package android:name="com.isyaratpintar.unityar" />
22-->src\main\AndroidManifest.xml:17:9-61
22-->src\main\AndroidManifest.xml:17:18-58
23        <package android:name="com.google.ar.core" />
23-->[com.google.ar:core:1.40.0] AndroidManifest.xml:21:9-54
23-->[com.google.ar:core:1.40.0] AndroidManifest.xml:21:18-51
24    </queries>
25
26    <permission
26-->[androidx.core:core:1.9.0] AndroidManifest.xml:22:5-24:47
27        android:name="com.isyaratpintar.app.DYNAMIC_RECEIVER_NOT_EXPORTED_PERMISSION"
27-->[androidx.core:core:1.9.0] AndroidManifest.xml:23:9-81
28        android:protectionLevel="signature" />
28-->[androidx.core:core:1.9.0] AndroidManifest.xml:24:9-44
29
30    <uses-permission android:name="com.isyaratpintar.app.DYNAMIC_RECEIVER_NOT_EXPORTED_PERMISSION" />
30-->[androidx.core:core:1.9.0] AndroidManifest.xml:26:5-97
30-->[androidx.core:core:1.9.0] AndroidManifest.xml:26:22-94
31
32    <application
32-->src\main\AndroidManifest.xml:20:5-84:19
33        android:allowBackup="true"
33-->src\main\AndroidManifest.xml:21:9-35
34        android:appComponentFactory="androidx.core.app.CoreComponentFactory"
34-->[androidx.core:core:1.9.0] AndroidManifest.xml:28:18-86
35        android:dataExtractionRules="@xml/data_extraction_rules"
35-->src\main\AndroidManifest.xml:22:9-65
36        android:debuggable="true"
37        android:extractNativeLibs="false"
38        android:fullBackupContent="@xml/backup_rules"
38-->src\main\AndroidManifest.xml:23:9-54
39        android:label="@string/app_name"
39-->src\main\AndroidManifest.xml:24:9-41
40        android:supportsRtl="true"
40-->src\main\AndroidManifest.xml:25:9-35
41        android:theme="@style/Theme.IsyaratPintar" >
41-->src\main\AndroidManifest.xml:26:9-51
42
43        <!-- AR Core metadata -->
44        <meta-data
44-->src\main\AndroidManifest.xml:30:9-32:40
45            android:name="com.google.ar.core"
45-->src\main\AndroidManifest.xml:31:13-46
46            android:value="optional" />
46-->src\main\AndroidManifest.xml:32:13-37
47
48        <!-- Splash Activity -->
49        <activity
49-->src\main\AndroidManifest.xml:35:9-43:20
50            android:name="com.isyaratpintar.app.SplashActivity"
50-->src\main\AndroidManifest.xml:36:13-43
51            android:exported="true"
51-->src\main\AndroidManifest.xml:37:13-36
52            android:theme="@style/Theme.IsyaratPintar.Splash" >
52-->src\main\AndroidManifest.xml:38:13-62
53            <intent-filter>
53-->src\main\AndroidManifest.xml:39:13-42:29
54                <action android:name="android.intent.action.MAIN" />
54-->src\main\AndroidManifest.xml:40:17-69
54-->src\main\AndroidManifest.xml:40:25-66
55
56                <category android:name="android.intent.category.LAUNCHER" />
56-->src\main\AndroidManifest.xml:41:17-77
56-->src\main\AndroidManifest.xml:41:27-74
57            </intent-filter>
58        </activity>
59
60        <!-- Main Activity -->
61        <activity
61-->src\main\AndroidManifest.xml:46:9-49:70
62            android:name="com.isyaratpintar.app.MainActivity"
62-->src\main\AndroidManifest.xml:47:13-41
63            android:exported="false"
63-->src\main\AndroidManifest.xml:48:13-37
64            android:theme="@style/Theme.IsyaratPintar.NoActionBar" />
64-->src\main\AndroidManifest.xml:49:13-67
65
66        <!-- Belajar Huruf Activity -->
67        <activity
67-->src\main\AndroidManifest.xml:52:9-55:70
68            android:name="com.isyaratpintar.app.BelajarHurufActivity"
68-->src\main\AndroidManifest.xml:53:13-49
69            android:exported="false"
69-->src\main\AndroidManifest.xml:54:13-37
70            android:theme="@style/Theme.IsyaratPintar.NoActionBar" />
70-->src\main\AndroidManifest.xml:55:13-67
71
72        <!-- AR Mode Activity -->
73        <activity
73-->src\main\AndroidManifest.xml:58:9-61:70
74            android:name="com.isyaratpintar.app.ARModeActivity"
74-->src\main\AndroidManifest.xml:59:13-43
75            android:exported="false"
75-->src\main\AndroidManifest.xml:60:13-37
76            android:theme="@style/Theme.IsyaratPintar.NoActionBar" />
76-->src\main\AndroidManifest.xml:61:13-67
77        <!-- Kuis Activity -->
78        <activity
78-->src\main\AndroidManifest.xml:63:9-66:70
79            android:name="com.isyaratpintar.app.KuisActivity"
79-->src\main\AndroidManifest.xml:64:13-41
80            android:exported="false"
80-->src\main\AndroidManifest.xml:65:13-37
81            android:theme="@style/Theme.IsyaratPintar.NoActionBar" />
81-->src\main\AndroidManifest.xml:66:13-67
82
83        <!-- Tentang Activity -->
84        <activity
84-->src\main\AndroidManifest.xml:69:9-72:70
85            android:name="com.isyaratpintar.app.TentangActivity"
85-->src\main\AndroidManifest.xml:70:13-44
86            android:exported="false"
86-->src\main\AndroidManifest.xml:71:13-37
87            android:theme="@style/Theme.IsyaratPintar.NoActionBar" />
87-->src\main\AndroidManifest.xml:72:13-67
88
89        <provider
90            android:name="androidx.core.content.FileProvider"
90-->src\main\AndroidManifest.xml:75:13-62
91            android:authorities="com.isyaratpintar.app.provider"
91-->src\main\AndroidManifest.xml:76:13-60
92            android:exported="false"
92-->src\main\AndroidManifest.xml:77:13-37
93            android:grantUriPermissions="true" >
93-->src\main\AndroidManifest.xml:78:13-47
94            <meta-data
94-->src\main\AndroidManifest.xml:79:13-81:58
95                android:name="android.support.FILE_PROVIDER_PATHS"
95-->src\main\AndroidManifest.xml:80:17-67
96                android:resource="@xml/provider_paths" />
96-->src\main\AndroidManifest.xml:81:17-55
97        </provider>
98
99        <!-- The minimal version code of ARCore APK required for an app using this SDK. -->
100        <meta-data
100-->[com.google.ar:core:1.40.0] AndroidManifest.xml:27:9-29:41
101            android:name="com.google.ar.core.min_apk_version"
101-->[com.google.ar:core:1.40.0] AndroidManifest.xml:28:13-62
102            android:value="232050000" /> <!-- This activity is critical for installing ARCore when it is not already present. -->
102-->[com.google.ar:core:1.40.0] AndroidManifest.xml:29:13-38
103        <activity
103-->[com.google.ar:core:1.40.0] AndroidManifest.xml:31:9-37:80
104            android:name="com.google.ar.core.InstallActivity"
104-->[com.google.ar:core:1.40.0] AndroidManifest.xml:32:13-62
105            android:configChanges="keyboardHidden|orientation|screenSize"
105-->[com.google.ar:core:1.40.0] AndroidManifest.xml:33:13-74
106            android:excludeFromRecents="true"
106-->[com.google.ar:core:1.40.0] AndroidManifest.xml:34:13-46
107            android:exported="false"
107-->[com.google.ar:core:1.40.0] AndroidManifest.xml:35:13-37
108            android:launchMode="singleTop"
108-->[com.google.ar:core:1.40.0] AndroidManifest.xml:36:13-43
109            android:theme="@android:style/Theme.Material.Light.Dialog.Alert" />
109-->[com.google.ar:core:1.40.0] AndroidManifest.xml:37:13-77
110
111        <provider
111-->[androidx.emoji2:emoji2:1.2.0] AndroidManifest.xml:24:9-32:20
112            android:name="androidx.startup.InitializationProvider"
112-->[androidx.emoji2:emoji2:1.2.0] AndroidManifest.xml:25:13-67
113            android:authorities="com.isyaratpintar.app.androidx-startup"
113-->[androidx.emoji2:emoji2:1.2.0] AndroidManifest.xml:26:13-68
114            android:exported="false" >
114-->[androidx.emoji2:emoji2:1.2.0] AndroidManifest.xml:27:13-37
115            <meta-data
115-->[androidx.emoji2:emoji2:1.2.0] AndroidManifest.xml:29:13-31:52
116                android:name="androidx.emoji2.text.EmojiCompatInitializer"
116-->[androidx.emoji2:emoji2:1.2.0] AndroidManifest.xml:30:17-75
117                android:value="androidx.startup" />
117-->[androidx.emoji2:emoji2:1.2.0] AndroidManifest.xml:31:17-49
118            <meta-data
118-->[androidx.lifecycle:lifecycle-process:2.6.1] AndroidManifest.xml:29:13-31:52
119                android:name="androidx.lifecycle.ProcessLifecycleInitializer"
119-->[androidx.lifecycle:lifecycle-process:2.6.1] AndroidManifest.xml:30:17-78
120                android:value="androidx.startup" />
120-->[androidx.lifecycle:lifecycle-process:2.6.1] AndroidManifest.xml:31:17-49
121            <meta-data
121-->[androidx.profileinstaller:profileinstaller:1.3.0] AndroidManifest.xml:29:13-31:52
122                android:name="androidx.profileinstaller.ProfileInstallerInitializer"
122-->[androidx.profileinstaller:profileinstaller:1.3.0] AndroidManifest.xml:30:17-85
123                android:value="androidx.startup" />
123-->[androidx.profileinstaller:profileinstaller:1.3.0] AndroidManifest.xml:31:17-49
124        </provider>
125
126        <receiver
126-->[androidx.profileinstaller:profileinstaller:1.3.0] AndroidManifest.xml:34:9-52:20
127            android:name="androidx.profileinstaller.ProfileInstallReceiver"
127-->[androidx.profileinstaller:profileinstaller:1.3.0] AndroidManifest.xml:35:13-76
128            android:directBootAware="false"
128-->[androidx.profileinstaller:profileinstaller:1.3.0] AndroidManifest.xml:36:13-44
129            android:enabled="true"
129-->[androidx.profileinstaller:profileinstaller:1.3.0] AndroidManifest.xml:37:13-35
130            android:exported="true"
130-->[androidx.profileinstaller:profileinstaller:1.3.0] AndroidManifest.xml:38:13-36
131            android:permission="android.permission.DUMP" >
131-->[androidx.profileinstaller:profileinstaller:1.3.0] AndroidManifest.xml:39:13-57
132            <intent-filter>
132-->[androidx.profileinstaller:profileinstaller:1.3.0] AndroidManifest.xml:40:13-42:29
133                <action android:name="androidx.profileinstaller.action.INSTALL_PROFILE" />
133-->[androidx.profileinstaller:profileinstaller:1.3.0] AndroidManifest.xml:41:17-91
133-->[androidx.profileinstaller:profileinstaller:1.3.0] AndroidManifest.xml:41:25-88
134            </intent-filter>
135            <intent-filter>
135-->[androidx.profileinstaller:profileinstaller:1.3.0] AndroidManifest.xml:43:13-45:29
136                <action android:name="androidx.profileinstaller.action.SKIP_FILE" />
136-->[androidx.profileinstaller:profileinstaller:1.3.0] AndroidManifest.xml:44:17-85
136-->[androidx.profileinstaller:profileinstaller:1.3.0] AndroidManifest.xml:44:25-82
137            </intent-filter>
138            <intent-filter>
138-->[androidx.profileinstaller:profileinstaller:1.3.0] AndroidManifest.xml:46:13-48:29
139                <action android:name="androidx.profileinstaller.action.SAVE_PROFILE" />
139-->[androidx.profileinstaller:profileinstaller:1.3.0] AndroidManifest.xml:47:17-88
139-->[androidx.profileinstaller:profileinstaller:1.3.0] AndroidManifest.xml:47:25-85
140            </intent-filter>
141            <intent-filter>
141-->[androidx.profileinstaller:profileinstaller:1.3.0] AndroidManifest.xml:49:13-51:29
142                <action android:name="androidx.profileinstaller.action.BENCHMARK_OPERATION" />
142-->[androidx.profileinstaller:profileinstaller:1.3.0] AndroidManifest.xml:50:17-95
142-->[androidx.profileinstaller:profileinstaller:1.3.0] AndroidManifest.xml:50:25-92
143            </intent-filter>
144        </receiver>
145    </application>
146
147</manifest>